2023-11-13 10:13:10.0327 | ERROR |  | Stopped program because of exception System.AggregateException: Some services are not able to be constructed (Error while validating the service descriptor 'ServiceType: MediatR.IRequestHandler`2[Blog.Application.Commands.ProdcutsTag.CreateProTagCommand,MediatR.Unit] Lifetime: Transient ImplementationType: Blog.Application.Commands.ProdcutsTag.CreateProTagCommandHandler': Unable to resolve service for type 'Blog.Domain.Repositories.Interfaces.IProductTagsRepository' while attempting to activate 'Blog.Application.Commands.ProdcutsTag.CreateProTagCommandHandler'.) (Error while validating the service descriptor 'ServiceType: MediatR.IRequestHandler`2[Blog.Application.Commands.ProdcutsTag.DeleteProTagCommand,MediatR.Unit] Lifetime: Transient ImplementationType: Blog.Application.Commands.ProdcutsTag.DeleteProTagCommandHandler': Unable to resolve service for type 'Blog.Domain.Repositories.Interfaces.IProductTagsRepository' while attempting to activate 'Blog.Application.Commands.ProdcutsTag.DeleteProTagCommandHandler'.) (Error while validating the service descriptor 'ServiceType: MediatR.IRequestHandler`2[Blog.Application.Commands.ProdcutsTag.UpdateProTagCommand,MediatR.Unit] Lifetime: Transient ImplementationType: Blog.Application.Commands.ProdcutsTag.UpdateProTagCommandHandler': Unable to resolve service for type 'Blog.Domain.Repositories.Interfaces.IProductTagsRepository' while attempting to activate 'Blog.Application.Commands.ProdcutsTag.UpdateProTagCommandHandler'.)
 ---> System.InvalidOperationException: Error while validating the service descriptor 'ServiceType: MediatR.IRequestHandler`2[Blog.Application.Commands.ProdcutsTag.CreateProTagCommand,MediatR.Unit] Lifetime: Transient ImplementationType: Blog.Application.Commands.ProdcutsTag.CreateProTagCommandHandler': Unable to resolve service for type 'Blog.Domain.Repositories.Interfaces.IProductTagsRepository' while attempting to activate 'Blog.Application.Commands.ProdcutsTag.CreateProTagCommandHandler'.
 ---> System.InvalidOperationException: Unable to resolve service for type 'Blog.Domain.Repositories.Interfaces.IProductTagsRepository' while attempting to activate 'Blog.Application.Commands.ProdcutsTag.CreateProTagCommandHandler'.
   at Microsoft.Extensions.DependencyInjection.ServiceLookup.CallSiteFactory.CreateArgumentCallSites(Type implementationType, CallSiteChain callSiteChain, ParameterInfo[] parameters, Boolean throwIfCallSiteNotFound)
   at Microsoft.Extensions.DependencyInjection.ServiceLookup.CallSiteFactory.CreateConstructorCallSite(ResultCache lifetime, Type serviceType, Type implementationType, CallSiteChain callSiteChain)
   at Microsoft.Extensions.DependencyInjection.ServiceLookup.CallSiteFactory.TryCreateExact(ServiceDescriptor descriptor, Type serviceType, CallSiteChain callSiteChain, Int32 slot)
   at Microsoft.Extensions.DependencyInjection.ServiceLookup.CallSiteFactory.GetCallSite(ServiceDescriptor serviceDescriptor, CallSiteChain callSiteChain)
   at Microsoft.Extensions.DependencyInjection.ServiceProvider.ValidateService(ServiceDescriptor descriptor)
   --- End of inner exception stack trace ---
   at Microsoft.Extensions.DependencyInjection.ServiceProvider.ValidateService(ServiceDescriptor descriptor)
   at Microsoft.Extensions.DependencyInjection.ServiceProvider..ctor(ICollection`1 serviceDescriptors, ServiceProviderOptions options)
   --- End of inner exception stack trace ---
 ---> (Inner Exception #1) System.InvalidOperationException: Error while validating the service descriptor 'ServiceType: MediatR.IRequestHandler`2[Blog.Application.Commands.ProdcutsTag.DeleteProTagCommand,MediatR.Unit] Lifetime: Transient ImplementationType: Blog.Application.Commands.ProdcutsTag.DeleteProTagCommandHandler': Unable to resolve service for type 'Blog.Domain.Repositories.Interfaces.IProductTagsRepository' while attempting to activate 'Blog.Application.Commands.ProdcutsTag.DeleteProTagCommandHandler'.
 ---> System.InvalidOperationException: Unable to resolve service for type 'Blog.Domain.Repositories.Interfaces.IProductTagsRepository' while attempting to activate 'Blog.Application.Commands.ProdcutsTag.DeleteProTagCommandHandler'.
   at Microsoft.Extensions.DependencyInjection.ServiceLookup.CallSiteFactory.CreateArgumentCallSites(Type implementationType, CallSiteChain callSiteChain, ParameterInfo[] parameters, Boolean throwIfCallSiteNotFound)
   at Microsoft.Extensions.DependencyInjection.ServiceLookup.CallSiteFactory.CreateConstructorCallSite(ResultCache lifetime, Type serviceType, Type implementationType, CallSiteChain callSiteChain)
   at Microsoft.Extensions.DependencyInjection.ServiceLookup.CallSiteFactory.TryCreateExact(ServiceDescriptor descriptor, Type serviceType, CallSiteChain callSiteChain, Int32 slot)
   at Microsoft.Extensions.DependencyInjection.ServiceLookup.CallSiteFactory.GetCallSite(ServiceDescriptor serviceDescriptor, CallSiteChain callSiteChain)
   at Microsoft.Extensions.DependencyInjection.ServiceProvider.ValidateService(ServiceDescriptor descriptor)
   --- End of inner exception stack trace ---
   at Microsoft.Extensions.DependencyInjection.ServiceProvider.ValidateService(ServiceDescriptor descriptor)
   at Microsoft.Extensions.DependencyInjection.ServiceProvider..ctor(ICollection`1 serviceDescriptors, ServiceProviderOptions options)<---

 ---> (Inner Exception #2) System.InvalidOperationException: Error while validating the service descriptor 'ServiceType: MediatR.IRequestHandler`2[Blog.Application.Commands.ProdcutsTag.UpdateProTagCommand,MediatR.Unit] Lifetime: Transient ImplementationType: Blog.Application.Commands.ProdcutsTag.UpdateProTagCommandHandler': Unable to resolve service for type 'Blog.Domain.Repositories.Interfaces.IProductTagsRepository' while attempting to activate 'Blog.Application.Commands.ProdcutsTag.UpdateProTagCommandHandler'.
 ---> System.InvalidOperationException: Unable to resolve service for type 'Blog.Domain.Repositories.Interfaces.IProductTagsRepository' while attempting to activate 'Blog.Application.Commands.ProdcutsTag.UpdateProTagCommandHandler'.
   at Microsoft.Extensions.DependencyInjection.ServiceLookup.CallSiteFactory.CreateArgumentCallSites(Type implementationType, CallSiteChain callSiteChain, ParameterInfo[] parameters, Boolean throwIfCallSiteNotFound)
   at Microsoft.Extensions.DependencyInjection.ServiceLookup.CallSiteFactory.CreateConstructorCallSite(ResultCache lifetime, Type serviceType, Type implementationType, CallSiteChain callSiteChain)
   at Microsoft.Extensions.DependencyInjection.ServiceLookup.CallSiteFactory.TryCreateExact(ServiceDescriptor descriptor, Type serviceType, CallSiteChain callSiteChain, Int32 slot)
   at Microsoft.Extensions.DependencyInjection.ServiceLookup.CallSiteFactory.GetCallSite(ServiceDescriptor serviceDescriptor, CallSiteChain callSiteChain)
   at Microsoft.Extensions.DependencyInjection.ServiceProvider.ValidateService(ServiceDescriptor descriptor)
   --- End of inner exception stack trace ---
   at Microsoft.Extensions.DependencyInjection.ServiceProvider.ValidateService(ServiceDescriptor descriptor)
   at Microsoft.Extensions.DependencyInjection.ServiceProvider..ctor(ICollection`1 serviceDescriptors, ServiceProviderOptions options)<---

2023-11-13 10:14:02.0161 | ERROR |  | Stopped program because of exception System.AggregateException: Some services are not able to be constructed (Error while validating the service descriptor 'ServiceType: MediatR.IRequestHandler`2[Blog.Application.Commands.ProdcutsTag.CreateProTagCommand,MediatR.Unit] Lifetime: Transient ImplementationType: Blog.Application.Commands.ProdcutsTag.CreateProTagCommandHandler': Unable to resolve service for type 'Blog.Domain.Repositories.Interfaces.IProductTagsRepository' while attempting to activate 'Blog.Application.Commands.ProdcutsTag.CreateProTagCommandHandler'.) (Error while validating the service descriptor 'ServiceType: MediatR.IRequestHandler`2[Blog.Application.Commands.ProdcutsTag.DeleteProTagCommand,MediatR.Unit] Lifetime: Transient ImplementationType: Blog.Application.Commands.ProdcutsTag.DeleteProTagCommandHandler': Unable to resolve service for type 'Blog.Domain.Repositories.Interfaces.IProductTagsRepository' while attempting to activate 'Blog.Application.Commands.ProdcutsTag.DeleteProTagCommandHandler'.) (Error while validating the service descriptor 'ServiceType: MediatR.IRequestHandler`2[Blog.Application.Commands.ProdcutsTag.UpdateProTagCommand,MediatR.Unit] Lifetime: Transient ImplementationType: Blog.Application.Commands.ProdcutsTag.UpdateProTagCommandHandler': Unable to resolve service for type 'Blog.Domain.Repositories.Interfaces.IProductTagsRepository' while attempting to activate 'Blog.Application.Commands.ProdcutsTag.UpdateProTagCommandHandler'.)
 ---> System.InvalidOperationException: Error while validating the service descriptor 'ServiceType: MediatR.IRequestHandler`2[Blog.Application.Commands.ProdcutsTag.CreateProTagCommand,MediatR.Unit] Lifetime: Transient ImplementationType: Blog.Application.Commands.ProdcutsTag.CreateProTagCommandHandler': Unable to resolve service for type 'Blog.Domain.Repositories.Interfaces.IProductTagsRepository' while attempting to activate 'Blog.Application.Commands.ProdcutsTag.CreateProTagCommandHandler'.
 ---> System.InvalidOperationException: Unable to resolve service for type 'Blog.Domain.Repositories.Interfaces.IProductTagsRepository' while attempting to activate 'Blog.Application.Commands.ProdcutsTag.CreateProTagCommandHandler'.
   at Microsoft.Extensions.DependencyInjection.ServiceLookup.CallSiteFactory.CreateArgumentCallSites(Type implementationType, CallSiteChain callSiteChain, ParameterInfo[] parameters, Boolean throwIfCallSiteNotFound)
   at Microsoft.Extensions.DependencyInjection.ServiceLookup.CallSiteFactory.CreateConstructorCallSite(ResultCache lifetime, Type serviceType, Type implementationType, CallSiteChain callSiteChain)
   at Microsoft.Extensions.DependencyInjection.ServiceLookup.CallSiteFactory.TryCreateExact(ServiceDescriptor descriptor, Type serviceType, CallSiteChain callSiteChain, Int32 slot)
   at Microsoft.Extensions.DependencyInjection.ServiceLookup.CallSiteFactory.GetCallSite(ServiceDescriptor serviceDescriptor, CallSiteChain callSiteChain)
   at Microsoft.Extensions.DependencyInjection.ServiceProvider.ValidateService(ServiceDescriptor descriptor)
   --- End of inner exception stack trace ---
   at Microsoft.Extensions.DependencyInjection.ServiceProvider.ValidateService(ServiceDescriptor descriptor)
   at Microsoft.Extensions.DependencyInjection.ServiceProvider..ctor(ICollection`1 serviceDescriptors, ServiceProviderOptions options)
   --- End of inner exception stack trace ---
 ---> (Inner Exception #1) System.InvalidOperationException: Error while validating the service descriptor 'ServiceType: MediatR.IRequestHandler`2[Blog.Application.Commands.ProdcutsTag.DeleteProTagCommand,MediatR.Unit] Lifetime: Transient ImplementationType: Blog.Application.Commands.ProdcutsTag.DeleteProTagCommandHandler': Unable to resolve service for type 'Blog.Domain.Repositories.Interfaces.IProductTagsRepository' while attempting to activate 'Blog.Application.Commands.ProdcutsTag.DeleteProTagCommandHandler'.
 ---> System.InvalidOperationException: Unable to resolve service for type 'Blog.Domain.Repositories.Interfaces.IProductTagsRepository' while attempting to activate 'Blog.Application.Commands.ProdcutsTag.DeleteProTagCommandHandler'.
   at Microsoft.Extensions.DependencyInjection.ServiceLookup.CallSiteFactory.CreateArgumentCallSites(Type implementationType, CallSiteChain callSiteChain, ParameterInfo[] parameters, Boolean throwIfCallSiteNotFound)
   at Microsoft.Extensions.DependencyInjection.ServiceLookup.CallSiteFactory.CreateConstructorCallSite(ResultCache lifetime, Type serviceType, Type implementationType, CallSiteChain callSiteChain)
   at Microsoft.Extensions.DependencyInjection.ServiceLookup.CallSiteFactory.TryCreateExact(ServiceDescriptor descriptor, Type serviceType, CallSiteChain callSiteChain, Int32 slot)
   at Microsoft.Extensions.DependencyInjection.ServiceLookup.CallSiteFactory.GetCallSite(ServiceDescriptor serviceDescriptor, CallSiteChain callSiteChain)
   at Microsoft.Extensions.DependencyInjection.ServiceProvider.ValidateService(ServiceDescriptor descriptor)
   --- End of inner exception stack trace ---
   at Microsoft.Extensions.DependencyInjection.ServiceProvider.ValidateService(ServiceDescriptor descriptor)
   at Microsoft.Extensions.DependencyInjection.ServiceProvider..ctor(ICollection`1 serviceDescriptors, ServiceProviderOptions options)<---

 ---> (Inner Exception #2) System.InvalidOperationException: Error while validating the service descriptor 'ServiceType: MediatR.IRequestHandler`2[Blog.Application.Commands.ProdcutsTag.UpdateProTagCommand,MediatR.Unit] Lifetime: Transient ImplementationType: Blog.Application.Commands.ProdcutsTag.UpdateProTagCommandHandler': Unable to resolve service for type 'Blog.Domain.Repositories.Interfaces.IProductTagsRepository' while attempting to activate 'Blog.Application.Commands.ProdcutsTag.UpdateProTagCommandHandler'.
 ---> System.InvalidOperationException: Unable to resolve service for type 'Blog.Domain.Repositories.Interfaces.IProductTagsRepository' while attempting to activate 'Blog.Application.Commands.ProdcutsTag.UpdateProTagCommandHandler'.
   at Microsoft.Extensions.DependencyInjection.ServiceLookup.CallSiteFactory.CreateArgumentCallSites(Type implementationType, CallSiteChain callSiteChain, ParameterInfo[] parameters, Boolean throwIfCallSiteNotFound)
   at Microsoft.Extensions.DependencyInjection.ServiceLookup.CallSiteFactory.CreateConstructorCallSite(ResultCache lifetime, Type serviceType, Type implementationType, CallSiteChain callSiteChain)
   at Microsoft.Extensions.DependencyInjection.ServiceLookup.CallSiteFactory.TryCreateExact(ServiceDescriptor descriptor, Type serviceType, CallSiteChain callSiteChain, Int32 slot)
   at Microsoft.Extensions.DependencyInjection.ServiceLookup.CallSiteFactory.GetCallSite(ServiceDescriptor serviceDescriptor, CallSiteChain callSiteChain)
   at Microsoft.Extensions.DependencyInjection.ServiceProvider.ValidateService(ServiceDescriptor descriptor)
   --- End of inner exception stack trace ---
   at Microsoft.Extensions.DependencyInjection.ServiceProvider.ValidateService(ServiceDescriptor descriptor)
   at Microsoft.Extensions.DependencyInjection.ServiceProvider..ctor(ICollection`1 serviceDescriptors, ServiceProviderOptions options)<---

2023-11-13 10:14:17.7477 | ERROR |  | Stopped program because of exception System.AggregateException: Some services are not able to be constructed (Error while validating the service descriptor 'ServiceType: MediatR.IRequestHandler`2[Blog.Application.Commands.ProdcutsTag.CreateProTagCommand,MediatR.Unit] Lifetime: Transient ImplementationType: Blog.Application.Commands.ProdcutsTag.CreateProTagCommandHandler': Unable to resolve service for type 'Blog.Domain.Repositories.Interfaces.IProductTagsRepository' while attempting to activate 'Blog.Application.Commands.ProdcutsTag.CreateProTagCommandHandler'.) (Error while validating the service descriptor 'ServiceType: MediatR.IRequestHandler`2[Blog.Application.Commands.ProdcutsTag.DeleteProTagCommand,MediatR.Unit] Lifetime: Transient ImplementationType: Blog.Application.Commands.ProdcutsTag.DeleteProTagCommandHandler': Unable to resolve service for type 'Blog.Domain.Repositories.Interfaces.IProductTagsRepository' while attempting to activate 'Blog.Application.Commands.ProdcutsTag.DeleteProTagCommandHandler'.) (Error while validating the service descriptor 'ServiceType: MediatR.IRequestHandler`2[Blog.Application.Commands.ProdcutsTag.UpdateProTagCommand,MediatR.Unit] Lifetime: Transient ImplementationType: Blog.Application.Commands.ProdcutsTag.UpdateProTagCommandHandler': Unable to resolve service for type 'Blog.Domain.Repositories.Interfaces.IProductTagsRepository' while attempting to activate 'Blog.Application.Commands.ProdcutsTag.UpdateProTagCommandHandler'.)
 ---> System.InvalidOperationException: Error while validating the service descriptor 'ServiceType: MediatR.IRequestHandler`2[Blog.Application.Commands.ProdcutsTag.CreateProTagCommand,MediatR.Unit] Lifetime: Transient ImplementationType: Blog.Application.Commands.ProdcutsTag.CreateProTagCommandHandler': Unable to resolve service for type 'Blog.Domain.Repositories.Interfaces.IProductTagsRepository' while attempting to activate 'Blog.Application.Commands.ProdcutsTag.CreateProTagCommandHandler'.
 ---> System.InvalidOperationException: Unable to resolve service for type 'Blog.Domain.Repositories.Interfaces.IProductTagsRepository' while attempting to activate 'Blog.Application.Commands.ProdcutsTag.CreateProTagCommandHandler'.
   at Microsoft.Extensions.DependencyInjection.ServiceLookup.CallSiteFactory.CreateArgumentCallSites(Type implementationType, CallSiteChain callSiteChain, ParameterInfo[] parameters, Boolean throwIfCallSiteNotFound)
   at Microsoft.Extensions.DependencyInjection.ServiceLookup.CallSiteFactory.CreateConstructorCallSite(ResultCache lifetime, Type serviceType, Type implementationType, CallSiteChain callSiteChain)
   at Microsoft.Extensions.DependencyInjection.ServiceLookup.CallSiteFactory.TryCreateExact(ServiceDescriptor descriptor, Type serviceType, CallSiteChain callSiteChain, Int32 slot)
   at Microsoft.Extensions.DependencyInjection.ServiceLookup.CallSiteFactory.GetCallSite(ServiceDescriptor serviceDescriptor, CallSiteChain callSiteChain)
   at Microsoft.Extensions.DependencyInjection.ServiceProvider.ValidateService(ServiceDescriptor descriptor)
   --- End of inner exception stack trace ---
   at Microsoft.Extensions.DependencyInjection.ServiceProvider.ValidateService(ServiceDescriptor descriptor)
   at Microsoft.Extensions.DependencyInjection.ServiceProvider..ctor(ICollection`1 serviceDescriptors, ServiceProviderOptions options)
   --- End of inner exception stack trace ---
 ---> (Inner Exception #1) System.InvalidOperationException: Error while validating the service descriptor 'ServiceType: MediatR.IRequestHandler`2[Blog.Application.Commands.ProdcutsTag.DeleteProTagCommand,MediatR.Unit] Lifetime: Transient ImplementationType: Blog.Application.Commands.ProdcutsTag.DeleteProTagCommandHandler': Unable to resolve service for type 'Blog.Domain.Repositories.Interfaces.IProductTagsRepository' while attempting to activate 'Blog.Application.Commands.ProdcutsTag.DeleteProTagCommandHandler'.
 ---> System.InvalidOperationException: Unable to resolve service for type 'Blog.Domain.Repositories.Interfaces.IProductTagsRepository' while attempting to activate 'Blog.Application.Commands.ProdcutsTag.DeleteProTagCommandHandler'.
   at Microsoft.Extensions.DependencyInjection.ServiceLookup.CallSiteFactory.CreateArgumentCallSites(Type implementationType, CallSiteChain callSiteChain, ParameterInfo[] parameters, Boolean throwIfCallSiteNotFound)
   at Microsoft.Extensions.DependencyInjection.ServiceLookup.CallSiteFactory.CreateConstructorCallSite(ResultCache lifetime, Type serviceType, Type implementationType, CallSiteChain callSiteChain)
   at Microsoft.Extensions.DependencyInjection.ServiceLookup.CallSiteFactory.TryCreateExact(ServiceDescriptor descriptor, Type serviceType, CallSiteChain callSiteChain, Int32 slot)
   at Microsoft.Extensions.DependencyInjection.ServiceLookup.CallSiteFactory.GetCallSite(ServiceDescriptor serviceDescriptor, CallSiteChain callSiteChain)
   at Microsoft.Extensions.DependencyInjection.ServiceProvider.ValidateService(ServiceDescriptor descriptor)
   --- End of inner exception stack trace ---
   at Microsoft.Extensions.DependencyInjection.ServiceProvider.ValidateService(ServiceDescriptor descriptor)
   at Microsoft.Extensions.DependencyInjection.ServiceProvider..ctor(ICollection`1 serviceDescriptors, ServiceProviderOptions options)<---

 ---> (Inner Exception #2) System.InvalidOperationException: Error while validating the service descriptor 'ServiceType: MediatR.IRequestHandler`2[Blog.Application.Commands.ProdcutsTag.UpdateProTagCommand,MediatR.Unit] Lifetime: Transient ImplementationType: Blog.Application.Commands.ProdcutsTag.UpdateProTagCommandHandler': Unable to resolve service for type 'Blog.Domain.Repositories.Interfaces.IProductTagsRepository' while attempting to activate 'Blog.Application.Commands.ProdcutsTag.UpdateProTagCommandHandler'.
 ---> System.InvalidOperationException: Unable to resolve service for type 'Blog.Domain.Repositories.Interfaces.IProductTagsRepository' while attempting to activate 'Blog.Application.Commands.ProdcutsTag.UpdateProTagCommandHandler'.
   at Microsoft.Extensions.DependencyInjection.ServiceLookup.CallSiteFactory.CreateArgumentCallSites(Type implementationType, CallSiteChain callSiteChain, ParameterInfo[] parameters, Boolean throwIfCallSiteNotFound)
   at Microsoft.Extensions.DependencyInjection.ServiceLookup.CallSiteFactory.CreateConstructorCallSite(ResultCache lifetime, Type serviceType, Type implementationType, CallSiteChain callSiteChain)
   at Microsoft.Extensions.DependencyInjection.ServiceLookup.CallSiteFactory.TryCreateExact(ServiceDescriptor descriptor, Type serviceType, CallSiteChain callSiteChain, Int32 slot)
   at Microsoft.Extensions.DependencyInjection.ServiceLookup.CallSiteFactory.GetCallSite(ServiceDescriptor serviceDescriptor, CallSiteChain callSiteChain)
   at Microsoft.Extensions.DependencyInjection.ServiceProvider.ValidateService(ServiceDescriptor descriptor)
   --- End of inner exception stack trace ---
   at Microsoft.Extensions.DependencyInjection.ServiceProvider.ValidateService(ServiceDescriptor descriptor)
   at Microsoft.Extensions.DependencyInjection.ServiceProvider..ctor(ICollection`1 serviceDescriptors, ServiceProviderOptions options)<---

2023-11-13 10:16:44.2002 | ERROR |  | Stopped program because of exception System.AggregateException: Some services are not able to be constructed (Error while validating the service descriptor 'ServiceType: MediatR.IRequestHandler`2[Blog.Application.Commands.ProdcutsTag.CreateProTagCommand,MediatR.Unit] Lifetime: Transient ImplementationType: Blog.Application.Commands.ProdcutsTag.CreateProTagCommandHandler': Unable to resolve service for type 'Blog.Domain.Repositories.Interfaces.IProductTagsRepository' while attempting to activate 'Blog.Application.Commands.ProdcutsTag.CreateProTagCommandHandler'.) (Error while validating the service descriptor 'ServiceType: MediatR.IRequestHandler`2[Blog.Application.Commands.ProdcutsTag.DeleteProTagCommand,MediatR.Unit] Lifetime: Transient ImplementationType: Blog.Application.Commands.ProdcutsTag.DeleteProTagCommandHandler': Unable to resolve service for type 'Blog.Domain.Repositories.Interfaces.IProductTagsRepository' while attempting to activate 'Blog.Application.Commands.ProdcutsTag.DeleteProTagCommandHandler'.) (Error while validating the service descriptor 'ServiceType: MediatR.IRequestHandler`2[Blog.Application.Commands.ProdcutsTag.UpdateProTagCommand,MediatR.Unit] Lifetime: Transient ImplementationType: Blog.Application.Commands.ProdcutsTag.UpdateProTagCommandHandler': Unable to resolve service for type 'Blog.Domain.Repositories.Interfaces.IProductTagsRepository' while attempting to activate 'Blog.Application.Commands.ProdcutsTag.UpdateProTagCommandHandler'.)
 ---> System.InvalidOperationException: Error while validating the service descriptor 'ServiceType: MediatR.IRequestHandler`2[Blog.Application.Commands.ProdcutsTag.CreateProTagCommand,MediatR.Unit] Lifetime: Transient ImplementationType: Blog.Application.Commands.ProdcutsTag.CreateProTagCommandHandler': Unable to resolve service for type 'Blog.Domain.Repositories.Interfaces.IProductTagsRepository' while attempting to activate 'Blog.Application.Commands.ProdcutsTag.CreateProTagCommandHandler'.
 ---> System.InvalidOperationException: Unable to resolve service for type 'Blog.Domain.Repositories.Interfaces.IProductTagsRepository' while attempting to activate 'Blog.Application.Commands.ProdcutsTag.CreateProTagCommandHandler'.
   at Microsoft.Extensions.DependencyInjection.ServiceLookup.CallSiteFactory.CreateArgumentCallSites(Type implementationType, CallSiteChain callSiteChain, ParameterInfo[] parameters, Boolean throwIfCallSiteNotFound)
   at Microsoft.Extensions.DependencyInjection.ServiceLookup.CallSiteFactory.CreateConstructorCallSite(ResultCache lifetime, Type serviceType, Type implementationType, CallSiteChain callSiteChain)
   at Microsoft.Extensions.DependencyInjection.ServiceLookup.CallSiteFactory.TryCreateExact(ServiceDescriptor descriptor, Type serviceType, CallSiteChain callSiteChain, Int32 slot)
   at Microsoft.Extensions.DependencyInjection.ServiceLookup.CallSiteFactory.GetCallSite(ServiceDescriptor serviceDescriptor, CallSiteChain callSiteChain)
   at Microsoft.Extensions.DependencyInjection.ServiceProvider.ValidateService(ServiceDescriptor descriptor)
   --- End of inner exception stack trace ---
   at Microsoft.Extensions.DependencyInjection.ServiceProvider.ValidateService(ServiceDescriptor descriptor)
   at Microsoft.Extensions.DependencyInjection.ServiceProvider..ctor(ICollection`1 serviceDescriptors, ServiceProviderOptions options)
   --- End of inner exception stack trace ---
 ---> (Inner Exception #1) System.InvalidOperationException: Error while validating the service descriptor 'ServiceType: MediatR.IRequestHandler`2[Blog.Application.Commands.ProdcutsTag.DeleteProTagCommand,MediatR.Unit] Lifetime: Transient ImplementationType: Blog.Application.Commands.ProdcutsTag.DeleteProTagCommandHandler': Unable to resolve service for type 'Blog.Domain.Repositories.Interfaces.IProductTagsRepository' while attempting to activate 'Blog.Application.Commands.ProdcutsTag.DeleteProTagCommandHandler'.
 ---> System.InvalidOperationException: Unable to resolve service for type 'Blog.Domain.Repositories.Interfaces.IProductTagsRepository' while attempting to activate 'Blog.Application.Commands.ProdcutsTag.DeleteProTagCommandHandler'.
   at Microsoft.Extensions.DependencyInjection.ServiceLookup.CallSiteFactory.CreateArgumentCallSites(Type implementationType, CallSiteChain callSiteChain, ParameterInfo[] parameters, Boolean throwIfCallSiteNotFound)
   at Microsoft.Extensions.DependencyInjection.ServiceLookup.CallSiteFactory.CreateConstructorCallSite(ResultCache lifetime, Type serviceType, Type implementationType, CallSiteChain callSiteChain)
   at Microsoft.Extensions.DependencyInjection.ServiceLookup.CallSiteFactory.TryCreateExact(ServiceDescriptor descriptor, Type serviceType, CallSiteChain callSiteChain, Int32 slot)
   at Microsoft.Extensions.DependencyInjection.ServiceLookup.CallSiteFactory.GetCallSite(ServiceDescriptor serviceDescriptor, CallSiteChain callSiteChain)
   at Microsoft.Extensions.DependencyInjection.ServiceProvider.ValidateService(ServiceDescriptor descriptor)
   --- End of inner exception stack trace ---
   at Microsoft.Extensions.DependencyInjection.ServiceProvider.ValidateService(ServiceDescriptor descriptor)
   at Microsoft.Extensions.DependencyInjection.ServiceProvider..ctor(ICollection`1 serviceDescriptors, ServiceProviderOptions options)<---

 ---> (Inner Exception #2) System.InvalidOperationException: Error while validating the service descriptor 'ServiceType: MediatR.IRequestHandler`2[Blog.Application.Commands.ProdcutsTag.UpdateProTagCommand,MediatR.Unit] Lifetime: Transient ImplementationType: Blog.Application.Commands.ProdcutsTag.UpdateProTagCommandHandler': Unable to resolve service for type 'Blog.Domain.Repositories.Interfaces.IProductTagsRepository' while attempting to activate 'Blog.Application.Commands.ProdcutsTag.UpdateProTagCommandHandler'.
 ---> System.InvalidOperationException: Unable to resolve service for type 'Blog.Domain.Repositories.Interfaces.IProductTagsRepository' while attempting to activate 'Blog.Application.Commands.ProdcutsTag.UpdateProTagCommandHandler'.
   at Microsoft.Extensions.DependencyInjection.ServiceLookup.CallSiteFactory.CreateArgumentCallSites(Type implementationType, CallSiteChain callSiteChain, ParameterInfo[] parameters, Boolean throwIfCallSiteNotFound)
   at Microsoft.Extensions.DependencyInjection.ServiceLookup.CallSiteFactory.CreateConstructorCallSite(ResultCache lifetime, Type serviceType, Type implementationType, CallSiteChain callSiteChain)
   at Microsoft.Extensions.DependencyInjection.ServiceLookup.CallSiteFactory.TryCreateExact(ServiceDescriptor descriptor, Type serviceType, CallSiteChain callSiteChain, Int32 slot)
   at Microsoft.Extensions.DependencyInjection.ServiceLookup.CallSiteFactory.GetCallSite(ServiceDescriptor serviceDescriptor, CallSiteChain callSiteChain)
   at Microsoft.Extensions.DependencyInjection.ServiceProvider.ValidateService(ServiceDescriptor descriptor)
   --- End of inner exception stack trace ---
   at Microsoft.Extensions.DependencyInjection.ServiceProvider.ValidateService(ServiceDescriptor descriptor)
   at Microsoft.Extensions.DependencyInjection.ServiceProvider..ctor(ICollection`1 serviceDescriptors, ServiceProviderOptions options)<---

2023-11-13 10:24:12.2467 | WARN |  | You do not have a valid license key for Duende IdentityServer. This is allowed for development and testing scenarios. If you are running in production you are required to have a licensed version. Please start a conversation with us: https://duendesoftware.com/contact 
